platforms/android/build/outputs/logs/manifest-merger-debug-report.txt
-- Merging decision tree log ---
manifest
ADDED from platforms/android/AndroidManifest.xml:2:1-23:12
	package
		ADDED from platforms/android/AndroidManifest.xml:2:102-131
		INJECTED from platforms/android/AndroidManifest.xml
		INJECTED from platforms/android/AndroidManifest.xml
	android:versionName
		ADDED from platforms/android/AndroidManifest.xml:2:74-101
		INJECTED from platforms/android/AndroidManifest.xml
		INJECTED from platforms/android/AndroidManifest.xml
	android:hardwareAccelerated
		ADDED from platforms/android/AndroidManifest.xml:2:11-45
	android:versionCode
		ADDED from platforms/android/AndroidManifest.xml:2:46-73
		INJECTED from platforms/android/AndroidManifest.xml
		INJECTED from platforms/android/AndroidManifest.xml
	xmlns:android
		ADDED from platforms/android/AndroidManifest.xml:2:132-190
supports-screens
ADDED from platforms/android/AndroidManifest.xml:3:5-191
	android:largeScreens
		ADDED from platforms/android/AndroidManifest.xml:3:49-76
	android:smallScreens
		ADDED from platforms/android/AndroidManifest.xml:3:132-159
	android:normalScreens
		ADDED from platforms/android/AndroidManifest.xml:3:77-105
	android:xlargeScreens
		ADDED from platforms/android/AndroidManifest.xml:3:160-188
	android:resizeable
		ADDED from platforms/android/AndroidManifest.xml:3:106-131
	android:anyDensity
		ADDED from platforms/android/AndroidManifest.xml:3:23-48
application
ADDED from platforms/android/AndroidManifest.xml:4:5-13:19
MERGED from [com.google.android.gms:play-services-maps:9.8.0] AndroidManifest.xml:24:5-19
MERGED from [com.google.android.gms:play-services-base:9.8.0] AndroidManifest.xml:18:5-20:19
MERGED from [com.google.android.gms:play-services-basement:9.8.0] AndroidManifest.xml:19:5-21:19
MERGED from [com.android.support:support-v4:24.0.0] AndroidManifest.xml:25:5-20
MERGED from [com.google.android.gms:play-services-tasks:9.8.0] AndroidManifest.xml:4:5-19
MERGED from [com.google.android.gms:play-services-location:9.8.0] AndroidManifest.xml:4:5-19
	android:label
		ADDED from platforms/android/AndroidManifest.xml:4:81-113
	android:supportsRtl
		ADDED from platforms/android/AndroidManifest.xml:4:114-140
	android:hardwareAccelerated
		ADDED from platforms/android/AndroidManifest.xml:4:18-52
	android:icon
		ADDED from platforms/android/AndroidManifest.xml:4:53-80
activity#com.cmps.crimewatch.MainActivity
ADDED from platforms/android/AndroidManifest.xml:5:9-10:20
	android:label
		ADDED from platforms/android/AndroidManifest.xml:5:97-134
	android:launchMode
		ADDED from platforms/android/AndroidManifest.xml:5:135-165
	android:windowSoftInputMode
		ADDED from platforms/android/AndroidManifest.xml:5:257-299
	android:configChanges
		ADDED from platforms/android/AndroidManifest.xml:5:19-96
	android:theme
		ADDED from platforms/android/AndroidManifest.xml:5:194-256
	android:name
		ADDED from platforms/android/AndroidManifest.xml:5:166-193
intent-filter#android.intent.action.MAIN+android.intent.category.LAUNCHER
ADDED from platforms/android/AndroidManifest.xml:6:13-9:29
	android:label
		ADDED from platforms/android/AndroidManifest.xml:6:28-65
action#android.intent.action.MAIN
ADDED from platforms/android/AndroidManifest.xml:7:17-69
	android:name
		ADDED from platforms/android/AndroidManifest.xml:7:25-66
category#android.intent.category.LAUNCHER
ADDED from platforms/android/AndroidManifest.xml:8:17-77
	android:name
		ADDED from platforms/android/AndroidManifest.xml:8:27-74
meta-data#com.google.android.geo.API_KEY
ADDED from platforms/android/AndroidManifest.xml:11:9-124
	android:value
		ADDED from platforms/android/AndroidManifest.xml:11:66-121
	android:name
		ADDED from platforms/android/AndroidManifest.xml:11:20-65
meta-data#com.google.android.gms.version
ADDED from platforms/android/AndroidManifest.xml:12:9-122
MERGED from [com.google.android.gms:play-services-basement:9.8.0] AndroidManifest.xml:20:9-121
	android:value
		ADDED from platforms/android/AndroidManifest.xml:12:66-119
	android:name
		ADDED from platforms/android/AndroidManifest.xml:12:20-65
uses-sdk
ADDED from platforms/android/AndroidManifest.xml:14:5-74
MERGED from [com.google.android.gms:play-services-maps:9.8.0] AndroidManifest.xml:23:5-42
MERGED from [com.google.android.gms:play-services-base:9.8.0] AndroidManifest.xml:17:5-42
MERGED from [com.google.android.gms:play-services-basement:9.8.0] AndroidManifest.xml:17:5-42
MERGED from [com.android.support:support-v4:24.0.0] AndroidManifest.xml:21:5-23:54
MERGED from [com.google.android.gms:play-services-tasks:9.8.0] AndroidManifest.xml:3:5-42
MERGED from [com.google.android.gms:play-services-location:9.8.0] AndroidManifest.xml:3:5-42
MERGED from [android:CordovaLib:unspecified:debug] AndroidManifest.xml:25:5-44
	tools:overrideLibrary
		ADDED from [com.android.support:support-v4:24.0.0] AndroidManifest.xml:23:9-51
	android:targetSdkVersion
		ADDED from platforms/android/AndroidManifest.xml:14:42-71
	android:minSdkVersion
		ADDED from platforms/android/AndroidManifest.xml:14:15-41
uses-permission#android.permission.INTERNET
ADDED from platforms/android/AndroidManifest.xml:15:5-67
MERGED from [com.google.android.gms:play-services-maps:9.8.0] AndroidManifest.xml:20:5-66
	android:name
		ADDED from platforms/android/AndroidManifest.xml:15:22-64
uses-permission#android.permission.ACCESS_NETWORK_STATE
ADDED from platforms/android/AndroidManifest.xml:16:5-79
MERGED from [com.google.android.gms:play-services-maps:9.8.0] AndroidManifest.xml:19:5-78
	android:name
		ADDED from platforms/android/AndroidManifest.xml:16:22-76
uses-permission#com.google.android.providers.gsf.permission.READ_GSERVICES
ADDED from platforms/android/AndroidManifest.xml:17:5-98
	android:name
		ADDED from platforms/android/AndroidManifest.xml:17:22-95
uses-permission#android.permission.ACCESS_COARSE_LOCATION
ADDED from platforms/android/AndroidManifest.xml:18:5-81
	android:name
		ADDED from platforms/android/AndroidManifest.xml:18:22-78
uses-permission#android.permission.ACCESS_FINE_LOCATION
ADDED from platforms/android/AndroidManifest.xml:19:5-79
	android:name
		ADDED from platforms/android/AndroidManifest.xml:19:22-76
uses-feature#0x00020000
ADDED from platforms/android/AndroidManifest.xml:20:5-78
MERGED from [com.google.android.gms:play-services-maps:9.8.0] AndroidManifest.xml:21:5-77
	android:glEsVersion
		ADDED from platforms/android/AndroidManifest.xml:20:19-51
	android:required
		ADDED from platforms/android/AndroidManifest.xml:20:52-75
uses-feature#android.hardware.location
ADDED from platforms/android/AndroidManifest.xml:21:5-62
	android:name
		ADDED from platforms/android/AndroidManifest.xml:21:19-59
uses-feature#android.hardware.location.gps
ADDED from platforms/android/AndroidManifest.xml:22:5-66
	android:name
		ADDED from platforms/android/AndroidManifest.xml:22:19-63
activity#com.google.android.gms.common.api.GoogleApiActivity
ADDED from [com.google.android.gms:play-services-base:9.8.0] AndroidManifest.xml:19:9-172
	android:exported
		ADDED from [com.google.android.gms:play-services-base:9.8.0] AndroidManifest.xml:19:146-170
	android:theme
		ADDED from [com.google.android.gms:play-services-base:9.8.0] AndroidManifest.xml:19:86-145
	android:name
		ADDED from [com.google.android.gms:play-services-base:9.8.0] AndroidManifest.xml:19:19-85